<?xml version="1.0" encoding="UTF-8"?>
<coverage generated="1529298150857" clover="3.2.0">
  <project timestamp="1529298150858" name="All files">
    <metrics statements="27" coveredstatements="27" conditionals="8" coveredconditionals="7" methods="15" coveredmethods="15" elements="50" coveredelements="49" complexity="0" loc="27" ncloc="27" packages="2" files="5" classes="5">
      <package name="src">
        <metrics statements="1" coveredstatements="1" conditionals="0" coveredconditionals="0" methods="0" coveredmethods="0"/>
        <file name="setupTests.js" path="/mnt/c/wamp64/www/client/realtymogul-test/realtymogul-test/src/setupTests.js">
          <metrics statements="1" coveredstatements="1" conditionals="0" coveredconditionals="0" methods="0" coveredmethods="0"/>
          <line num="4" count="3" type="stmt"/>
        </file>
      </package>
      <package name="src.components">
        <metrics statements="26" coveredstatements="26" conditionals="8" coveredconditionals="7" methods="15" coveredmethods="15"/>
        <file name="Dashboard.js" path="/mnt/c/wamp64/www/client/realtymogul-test/realtymogul-test/src/components/Dashboard.js">
          <metrics statements="11" coveredstatements="11" conditionals="2" coveredconditionals="1" methods="5" coveredmethods="5"/>
          <line num="12" count="1" type="stmt"/>
          <line num="13" count="1" type="stmt"/>
          <line num="16" count="1" type="stmt"/>
          <line num="24" count="1" type="cond" truecount="1" falsecount="1"/>
          <line num="25" count="1" type="stmt"/>
          <line num="33" count="2" type="stmt"/>
          <line num="34" count="2" type="stmt"/>
          <line num="35" count="2" type="stmt"/>
          <line num="37" count="2" type="stmt"/>
          <line num="41" count="2" type="stmt"/>
          <line num="51" count="4" type="stmt"/>
        </file>
        <file name="Header.js" path="/mnt/c/wamp64/www/client/realtymogul-test/realtymogul-test/src/components/Header.js">
          <metrics statements="3" coveredstatements="3" conditionals="0" coveredconditionals="0" methods="3" coveredmethods="3"/>
          <line num="13" count="2" type="stmt"/>
          <line num="17" count="3" type="stmt"/>
          <line num="22" count="9" type="stmt"/>
        </file>
        <file name="Panel.js" path="/mnt/c/wamp64/www/client/realtymogul-test/realtymogul-test/src/components/Panel.js">
          <metrics statements="6" coveredstatements="6" conditionals="4" coveredconditionals="4" methods="3" coveredmethods="3"/>
          <line num="12" count="3" type="stmt"/>
          <line num="13" count="3" type="stmt"/>
          <line num="22" count="10" type="cond" truecount="2" falsecount="0"/>
          <line num="30" count="5" type="cond" truecount="2" falsecount="0"/>
          <line num="31" count="3" type="stmt"/>
          <line num="34" count="5" type="stmt"/>
        </file>
        <file name="PanelToggle.js" path="/mnt/c/wamp64/www/client/realtymogul-test/realtymogul-test/src/components/PanelToggle.js">
          <metrics statements="6" coveredstatements="6" conditionals="2" coveredconditionals="2" methods="4" coveredmethods="4"/>
          <line num="11" count="2" type="stmt"/>
          <line num="12" count="2" type="stmt"/>
          <line num="21" count="1" type="stmt"/>
          <line num="24" count="1" type="stmt"/>
          <line num="32" count="3" type="cond" truecount="2" falsecount="0"/>
          <line num="36" count="3" type="stmt"/>
        </file>
      </package>
    </metrics>
  </project>
</coverage>
