{"/mnt/c/wamp64/www/client/realtymogul-test/realtymogul-test/src/setupTests.js": {"path":"/mnt/c/wamp64/www/client/realtymogul-test/realtymogul-test/src/setupTests.js","statementMap":{"0":{"start":{"line":4,"column":0},"end":{"line":4,"column":38}}},"fnMap":{},"branchMap":{},"s":{"0":3},"f":{},"b":{},"_coverageSchema":"332fd63041d2c1bcb487cc26dd0d5f7d97098a6c","hash":"4872bcedd41cc88ad785731fd1937a786fc615d4"}
,"/mnt/c/wamp64/www/client/realtymogul-test/realtymogul-test/src/components/Dashboard.js": {"path":"/mnt/c/wamp64/www/client/realtymogul-test/realtymogul-test/src/components/Dashboard.js","statementMap":{"0":{"start":{"line":12,"column":8},"end":{"line":12,"column":21}},"1":{"start":{"line":13,"column":8},"end":{"line":15,"column":9}},"2":{"start":{"line":16,"column":8},"end":{"line":16,"column":67}},"3":{"start":{"line":24,"column":26},"end":{"line":24,"column":56}},"4":{"start":{"line":25,"column":8},"end":{"line":25,"column":36}},"5":{"start":{"line":33,"column":24},"end":{"line":33,"column":26}},"6":{"start":{"line":34,"column":8},"end":{"line":34,"column":52}},"7":{"start":{"line":35,"column":8},"end":{"line":35,"column":52}},"8":{"start":{"line":37,"column":8},"end":{"line":37,"column":25}},"9":{"start":{"line":41,"column":8},"end":{"line":61,"column":9}},"10":{"start":{"line":51,"column":28},"end":{"line":56,"column":30}}},"fnMap":{"0":{"name":"(anonymous_0)","decl":{"start":{"line":11,"column":4},"end":{"line":11,"column":5}},"loc":{"start":{"line":11,"column":23},"end":{"line":17,"column":5}},"line":11},"1":{"name":"(anonymous_1)","decl":{"start":{"line":23,"column":4},"end":{"line":23,"column":5}},"loc":{"start":{"line":23,"column":24},"end":{"line":26,"column":5}},"line":23},"2":{"name":"(anonymous_2)","decl":{"start":{"line":32,"column":4},"end":{"line":32,"column":5}},"loc":{"start":{"line":32,"column":19},"end":{"line":38,"column":5}},"line":32},"3":{"name":"(anonymous_3)","decl":{"start":{"line":40,"column":4},"end":{"line":40,"column":5}},"loc":{"start":{"line":40,"column":13},"end":{"line":62,"column":5}},"line":40},"4":{"name":"(anonymous_4)","decl":{"start":{"line":50,"column":48},"end":{"line":50,"column":49}},"loc":{"start":{"line":50,"column":65},"end":{"line":57,"column":25}},"line":50}},"branchMap":{"0":{"loc":{"start":{"line":24,"column":26},"end":{"line":24,"column":56}},"type":"cond-expr","locations":[{"start":{"line":24,"column":51},"end":{"line":24,"column":52}},{"start":{"line":24,"column":55},"end":{"line":24,"column":56}}],"line":24}},"s":{"0":1,"1":1,"2":1,"3":1,"4":1,"5":2,"6":2,"7":2,"8":2,"9":2,"10":4},"f":{"0":1,"1":1,"2":2,"3":2,"4":4},"b":{"0":[0,1]},"_coverageSchema":"332fd63041d2c1bcb487cc26dd0d5f7d97098a6c","hash":"bd6aab9130b01277f7d22d95811fa3d7c0f2e2ab"}
,"/mnt/c/wamp64/www/client/realtymogul-test/realtymogul-test/src/components/Header.js": {"path":"/mnt/c/wamp64/www/client/realtymogul-test/realtymogul-test/src/components/Header.js","statementMap":{"0":{"start":{"line":13,"column":8},"end":{"line":13,"column":20}},"1":{"start":{"line":17,"column":8},"end":{"line":38,"column":9}},"2":{"start":{"line":22,"column":28},"end":{"line":27,"column":34}}},"fnMap":{"0":{"name":"(anonymous_0)","decl":{"start":{"line":12,"column":4},"end":{"line":12,"column":5}},"loc":{"start":{"line":12,"column":23},"end":{"line":14,"column":5}},"line":12},"1":{"name":"(anonymous_1)","decl":{"start":{"line":16,"column":4},"end":{"line":16,"column":5}},"loc":{"start":{"line":16,"column":13},"end":{"line":39,"column":5}},"line":16},"2":{"name":"(anonymous_2)","decl":{"start":{"line":21,"column":50},"end":{"line":21,"column":51}},"loc":{"start":{"line":21,"column":67},"end":{"line":28,"column":25}},"line":21}},"branchMap":{},"s":{"0":2,"1":3,"2":9},"f":{"0":2,"1":3,"2":9},"b":{},"_coverageSchema":"332fd63041d2c1bcb487cc26dd0d5f7d97098a6c","hash":"91551638e197d66fbd8dd1ff1a6ef3566e6914c0"}
,"/mnt/c/wamp64/www/client/realtymogul-test/realtymogul-test/src/components/Panel.js": {"path":"/mnt/c/wamp64/www/client/realtymogul-test/realtymogul-test/src/components/Panel.js","statementMap":{"0":{"start":{"line":12,"column":8},"end":{"line":12,"column":20}},"1":{"start":{"line":13,"column":8},"end":{"line":13,"column":71}},"2":{"start":{"line":22,"column":8},"end":{"line":22,"column":74}},"3":{"start":{"line":30,"column":8},"end":{"line":32,"column":9}},"4":{"start":{"line":31,"column":12},"end":{"line":31,"column":51}},"5":{"start":{"line":34,"column":8},"end":{"line":38,"column":9}}},"fnMap":{"0":{"name":"(anonymous_0)","decl":{"start":{"line":11,"column":4},"end":{"line":11,"column":5}},"loc":{"start":{"line":11,"column":23},"end":{"line":14,"column":5}},"line":11},"1":{"name":"(anonymous_1)","decl":{"start":{"line":21,"column":4},"end":{"line":21,"column":5}},"loc":{"start":{"line":21,"column":26},"end":{"line":23,"column":5}},"line":21},"2":{"name":"(anonymous_2)","decl":{"start":{"line":25,"column":4},"end":{"line":25,"column":5}},"loc":{"start":{"line":25,"column":13},"end":{"line":39,"column":5}},"line":25}},"branchMap":{"0":{"loc":{"start":{"line":22,"column":15},"end":{"line":22,"column":74}},"type":"cond-expr","locations":[{"start":{"line":22,"column":58},"end":{"line":22,"column":69}},{"start":{"line":22,"column":72},"end":{"line":22,"column":74}}],"line":22},"1":{"loc":{"start":{"line":30,"column":8},"end":{"line":32,"column":9}},"type":"if","locations":[{"start":{"line":30,"column":8},"end":{"line":32,"column":9}},{"start":{"line":30,"column":8},"end":{"line":32,"column":9}}],"line":30}},"s":{"0":3,"1":3,"2":10,"3":5,"4":3,"5":5},"f":{"0":3,"1":10,"2":5},"b":{"0":[6,4],"1":[3,2]},"_coverageSchema":"332fd63041d2c1bcb487cc26dd0d5f7d97098a6c","hash":"2924f5b069548f108f8b1ec532b66cde5aa88e4d"}
,"/mnt/c/wamp64/www/client/realtymogul-test/realtymogul-test/src/components/PanelToggle.js": {"path":"/mnt/c/wamp64/www/client/realtymogul-test/realtymogul-test/src/components/PanelToggle.js","statementMap":{"0":{"start":{"line":11,"column":8},"end":{"line":11,"column":21}},"1":{"start":{"line":12,"column":8},"end":{"line":12,"column":61}},"2":{"start":{"line":21,"column":8},"end":{"line":21,"column":31}},"3":{"start":{"line":24,"column":8},"end":{"line":24,"column":39}},"4":{"start":{"line":32,"column":8},"end":{"line":32,"column":56}},"5":{"start":{"line":36,"column":8},"end":{"line":44,"column":9}}},"fnMap":{"0":{"name":"(anonymous_0)","decl":{"start":{"line":10,"column":4},"end":{"line":10,"column":5}},"loc":{"start":{"line":10,"column":23},"end":{"line":13,"column":5}},"line":10},"1":{"name":"(anonymous_1)","decl":{"start":{"line":20,"column":4},"end":{"line":20,"column":5}},"loc":{"start":{"line":20,"column":26},"end":{"line":25,"column":5}},"line":20},"2":{"name":"(anonymous_2)","decl":{"start":{"line":31,"column":4},"end":{"line":31,"column":5}},"loc":{"start":{"line":31,"column":29},"end":{"line":33,"column":5}},"line":31},"3":{"name":"(anonymous_3)","decl":{"start":{"line":35,"column":4},"end":{"line":35,"column":5}},"loc":{"start":{"line":35,"column":13},"end":{"line":45,"column":5}},"line":35}},"branchMap":{"0":{"loc":{"start":{"line":32,"column":15},"end":{"line":32,"column":55}},"type":"cond-expr","locations":[{"start":{"line":32,"column":46},"end":{"line":32,"column":49}},{"start":{"line":32,"column":52},"end":{"line":32,"column":55}}],"line":32}},"s":{"0":2,"1":2,"2":1,"3":1,"4":3,"5":3},"f":{"0":2,"1":1,"2":3,"3":3},"b":{"0":[1,2]},"_coverageSchema":"332fd63041d2c1bcb487cc26dd0d5f7d97098a6c","hash":"2eefdf26be920c54f45daac15779f0513d9bcbbc"}
}
