TN:
SF:/mnt/c/wamp64/www/client/realtymogul-test/realtymogul-test/src/setupTests.js
FNF:0
FNH:0
DA:4,3
LF:1
LH:1
BRF:0
BRH:0
end_of_record
TN:
SF:/mnt/c/wamp64/www/client/realtymogul-test/realtymogul-test/src/components/Dashboard.js
FN:11,(anonymous_0)
FN:23,(anonymous_1)
FN:32,(anonymous_2)
FN:40,(anonymous_3)
FN:50,(anonymous_4)
FNF:5
FNH:5
FNDA:1,(anonymous_0)
FNDA:1,(anonymous_1)
FNDA:2,(anonymous_2)
FNDA:2,(anonymous_3)
FNDA:4,(anonymous_4)
DA:12,1
DA:13,1
DA:16,1
DA:24,1
DA:25,1
DA:33,2
DA:34,2
DA:35,2
DA:37,2
DA:41,2
DA:51,4
LF:11
LH:11
BRDA:24,0,0,0
BRDA:24,0,1,1
BRF:2
BRH:1
end_of_record
TN:
SF:/mnt/c/wamp64/www/client/realtymogul-test/realtymogul-test/src/components/Header.js
FN:12,(anonymous_0)
FN:16,(anonymous_1)
FN:21,(anonymous_2)
FNF:3
FNH:3
FNDA:2,(anonymous_0)
FNDA:3,(anonymous_1)
FNDA:9,(anonymous_2)
DA:13,2
DA:17,3
DA:22,9
LF:3
LH:3
BRF:0
BRH:0
end_of_record
TN:
SF:/mnt/c/wamp64/www/client/realtymogul-test/realtymogul-test/src/components/Panel.js
FN:11,(anonymous_0)
FN:21,(anonymous_1)
FN:25,(anonymous_2)
FNF:3
FNH:3
FNDA:3,(anonymous_0)
FNDA:10,(anonymous_1)
FNDA:5,(anonymous_2)
DA:12,3
DA:13,3
DA:22,10
DA:30,5
DA:31,3
DA:34,5
LF:6
LH:6
BRDA:22,0,0,6
BRDA:22,0,1,4
BRDA:30,1,0,3
BRDA:30,1,1,2
BRF:4
BRH:4
end_of_record
TN:
SF:/mnt/c/wamp64/www/client/realtymogul-test/realtymogul-test/src/components/PanelToggle.js
FN:10,(anonymous_0)
FN:20,(anonymous_1)
FN:31,(anonymous_2)
FN:35,(anonymous_3)
FNF:4
FNH:4
FNDA:2,(anonymous_0)
FNDA:1,(anonymous_1)
FNDA:3,(anonymous_2)
FNDA:3,(anonymous_3)
DA:11,2
DA:12,2
DA:21,1
DA:24,1
DA:32,3
DA:36,3
LF:6
LH:6
BRDA:32,0,0,1
BRDA:32,0,1,2
BRF:2
BRH:2
end_of_record
